<?xml version="1.0" encoding="UTF-8"?>
<!-- Generated by org.testng.reporters.JUnitReportReporter -->
<testsuite hostname="VISWANATHs-MBP" failures="0" tests="2" name="qaclickacademy.RestAPI" time="0.009" errors="0" timestamp="2020-12-16T17:20:45 MST" skipped="0">
  <testcase classname="qaclickacademy.RestAPI" name="deleteTwitter" time="0.008"/>
  <system-out/>
  <testcase classname="qaclickacademy.RestAPI" name="postJira" time="0.001"/>
  <system-out/>
</testsuite> <!-- qaclickacademy.RestAPI -->
