<?xml version="1.0" encoding="UTF-8"?>
<!-- Generated by org.testng.reporters.JUnitReportReporter -->
<testsuite hostname="VISWANATHs-MBP" failures="0" tests="2" name="qaclickacademy.APITest" time="0.000" errors="0" timestamp="2020-12-19T15:40:52 MST" skipped="0">
  <testcase classname="qaclickacademy.APITest" name="APITest2" time="0.000"/>
  <system-out/>
  <testcase classname="qaclickacademy.APITest" name="APITest1" time="0.000"/>
  <system-out/>
</testsuite> <!-- qaclickacademy.APITest -->
